<?xml version="1.0" encoding="UTF-8"?>
<!-- Generated by org.testng.reporters.JUnitXMLReporter -->
<testsuite ignored="0" hostname="DESKTOP-VRBAL0D" failures="0" tests="3" name="Default test" time="169.958" errors="0" timestamp="2023-03-28T21:29:54 IST">
  <testcase classname="com.excelr.testcases.LoginPageTest" name="forgotPasswordLinkDisplayed" time="2.767"/>
  <testcase classname="com.excelr.testcases.LoginPageTest" name="validateLoginTest" time="5.454"/>
  <testcase classname="com.excelr.testcases.LoginPageTest" name="validateTitleTest" time="0.006"/>
</testsuite> <!-- Default test -->
