<?xml version="1.0" encoding="UTF-8"?>
<testng-results ignored="0" total="1" passed="1" failed="0" skipped="0">
  <reporter-output>
  </reporter-output>
  <suite started-at="2023-03-23T21:41:59 IST" name="Default suite" finished-at="2023-03-23T21:42:26 IST" duration-ms="26905">
    <groups>
    </groups>
    <test started-at="2023-03-23T21:41:59 IST" name="Default test" finished-at="2023-03-23T21:42:26 IST" duration-ms="26905">
      <class name="com.excelr.testcases.DashboardPageTest">
        <test-method is-config="true" signature="browserSetup()[pri:0, instance:com.excelr.testcases.DashboardPageTest@2e8c1c9b]" started-at="2023-03-23T21:41:59 IST" name="browserSetup" finished-at="2023-03-23T21:42:22 IST" duration-ms="22609" status="PASS">
          <reporter-output>
          </reporter-output>
        </test-method> <!-- browserSetup -->
        <test-method signature="timeatWorkSection()[pri:0, instance:com.excelr.testcases.DashboardPageTest@2e8c1c9b]" started-at="2023-03-23T21:42:22 IST" name="timeatWorkSection" finished-at="2023-03-23T21:42:25 IST" duration-ms="3580" status="PASS">
          <reporter-output>
          </reporter-output>
        </test-method> <!-- timeatWorkSection -->
        <test-method is-config="true" signature="closeBrowserSetup()[pri:0, instance:com.excelr.testcases.DashboardPageTest@2e8c1c9b]" started-at="2023-03-23T21:42:25 IST" name="closeBrowserSetup" finished-at="2023-03-23T21:42:26 IST" duration-ms="610" status="PASS">
          <reporter-output>
          </reporter-output>
        </test-method> <!-- closeBrowserSetup -->
      </class> <!-- com.excelr.testcases.DashboardPageTest -->
    </test> <!-- Default test -->
  </suite> <!-- Default suite -->
</testng-results>
